<?xml version="1.0" encoding="UTF-8"?>
<!-- Generated by org.testng.reporters.JUnitReportReporter -->
<testsuite skipped="0" hostname="zhu-PC" name="com.selenium.Login" tests="1" failures="0" timestamp="12 三月 2018 15:48:53 GMT" time="19.801" errors="0">
  <testcase name="loginpage" time="19.801" classname="com.selenium.Login"/>
</testsuite> <!-- com.selenium.Login -->
