<?xml version="1.0" encoding="UTF-8"?>
<!-- Generated by org.testng.reporters.JUnitReportReporter -->
<testsuite skipped="0" hostname="zhu-PC" name="com.selenium.testNgtest.Login" tests="2" failures="0" timestamp="12 三月 2018 15:27:26 GMT" time="24.340" errors="0">
  <testcase name="initDriver" time="18.743" classname="com.selenium.testNgtest.Login"/>
  <testcase name="userLogin" time="5.597" classname="com.selenium.testNgtest.Login"/>
</testsuite> <!-- com.selenium.testNgtest.Login -->
