<?xml version="1.0" encoding="UTF-8"?>
<!-- Generated by org.testng.reporters.JUnitReportReporter -->
<testsuite skipped="0" hostname="DESKTOP-PILQA90" name="com.selenium.testCase.Login" tests="3" failures="0" timestamp="09 四月 2018 12:03:22 GMT" time="22.994" errors="0">
  <testcase name="getLoginHome" time="6.917" classname="com.selenium.testCase.Login"/>
  <testcase name="buyCourse" time="15.610" classname="com.selenium.testCase.Login"/>
  <testcase name="testLogin" time="0.467" classname="com.selenium.testCase.Login"/>
</testsuite> <!-- com.selenium.testCase.Login -->
